

Started GET "/example.pdf" for 127.0.0.1 at Fri May 25 12:09:04 +0530 2012
  Processing by WelcomeController#example as PDF
***************WICKED***************
Rendered welcome/example.html.erb within layouts/pdf (16.4ms)
Rendered text template (0.1ms)
Sent data example_pdf.pdf (435.3ms)
Completed 200 OK in 69881ms (Views: 432.9ms | ActiveRecord: 0.0ms)


Started GET "/" for 127.0.0.1 at Fri May 25 12:13:06 +0530 2012
  Processing by WelcomeController#index as HTML
Rendered welcome/index.haml within layouts/application (20.5ms)
Completed 200 OK in 42ms (Views: 40.6ms | ActiveRecord: 0.0ms)


Started GET "/images/bkgd.jpg" for 127.0.0.1 at Fri May 25 12:13:07 +0530 2012

ActionController::RoutingError (No route matches "/images/bkgd.jpg"):
  

Rendered /Users/prakashmurthy/Developer/.rvm/gems/ruby-1.8.7-p358@wickedpdfsample/gems/actionpack-3.0.3/lib/action_dispatch/middleware/templates/rescues/routing_error.erb within rescues/layout (4.9ms)


Started GET "/welcome/index.pdf" for 127.0.0.1 at Fri May 25 12:13:09 +0530 2012
  Processing by WelcomeController#index as PDF
***************WICKED***************
Rendered welcome/index.haml within layouts/pdf (27.2ms)
Rendered text template (0.1ms)
Sent data my_pdf.pdf (26.3ms)
Completed 200 OK in 3170ms (Views: 9.4ms | ActiveRecord: 0.0ms)


Started GET "/example" for 127.0.0.1 at Fri May 25 12:14:11 +0530 2012
  Processing by WelcomeController#example as HTML
Rendered welcome/example.html.erb within layouts/application (29.6ms)
Completed 200 OK in 86ms (Views: 82.4ms | ActiveRecord: 0.0ms)


Started GET "/calc-styles.css" for 127.0.0.1 at Fri May 25 12:14:12 +0530 2012

ActionController::RoutingError (No route matches "/calc-styles.css"):
  

Rendered /Users/prakashmurthy/Developer/.rvm/gems/ruby-1.8.7-p358@wickedpdfsample/gems/actionpack-3.0.3/lib/action_dispatch/middleware/templates/rescues/routing_error.erb within rescues/layout (3.7ms)


Started GET "/regex.js" for 127.0.0.1 at Fri May 25 12:14:12 +0530 2012

ActionController::RoutingError (No route matches "/regex.js"):
  

Rendered /Users/prakashmurthy/Developer/.rvm/gems/ruby-1.8.7-p358@wickedpdfsample/gems/actionpack-3.0.3/lib/action_dispatch/middleware/templates/rescues/routing_error.erb within rescues/layout (9.0ms)


Started GET "/autoNumeric-1.7.4.js" for 127.0.0.1 at Fri May 25 12:14:13 +0530 2012

ActionController::RoutingError (No route matches "/autoNumeric-1.7.4.js"):
  

Rendered /Users/prakashmurthy/Developer/.rvm/gems/ruby-1.8.7-p358@wickedpdfsample/gems/actionpack-3.0.3/lib/action_dispatch/middleware/templates/rescues/routing_error.erb within rescues/layout (4.2ms)


Started GET "/calc-tools.js" for 127.0.0.1 at Fri May 25 12:14:13 +0530 2012

ActionController::RoutingError (No route matches "/calc-tools.js"):
  

Rendered /Users/prakashmurthy/Developer/.rvm/gems/ruby-1.8.7-p358@wickedpdfsample/gems/actionpack-3.0.3/lib/action_dispatch/middleware/templates/rescues/routing_error.erb within rescues/layout (31.9ms)


Started GET "/images/bkgd.jpg" for 127.0.0.1 at Fri May 25 12:14:13 +0530 2012

ActionController::RoutingError (No route matches "/images/bkgd.jpg"):
  

Rendered /Users/prakashmurthy/Developer/.rvm/gems/ruby-1.8.7-p358@wickedpdfsample/gems/actionpack-3.0.3/lib/action_dispatch/middleware/templates/rescues/routing_error.erb within rescues/layout (29.1ms)


Started GET "/stylesheets/images/bullet.gif" for 127.0.0.1 at Fri May 25 12:14:14 +0530 2012

ActionController::RoutingError (No route matches "/stylesheets/images/bullet.gif"):
  

Rendered /Users/prakashmurthy/Developer/.rvm/gems/ruby-1.8.7-p358@wickedpdfsample/gems/actionpack-3.0.3/lib/action_dispatch/middleware/templates/rescues/routing_error.erb within rescues/layout (3.9ms)


Started GET "/example.pdf" for 127.0.0.1 at Fri May 25 12:14:30 +0530 2012
  Processing by WelcomeController#example as PDF
***************WICKED***************
Rendered welcome/example.html.erb within layouts/pdf (48.5ms)
Rendered text template (0.1ms)
Sent data example_pdf.pdf (102.2ms)
Completed 200 OK in 51015ms (Views: 98.8ms | ActiveRecord: 0.0ms)


Started GET "/example" for 127.0.0.1 at Fri May 25 12:31:24 +0530 2012
  Processing by WelcomeController#example as HTML
Rendered welcome/example.html.erb within layouts/application (6.6ms)
Completed 200 OK in 20ms (Views: 18.7ms | ActiveRecord: 0.0ms)


Started GET "/example.pdf" for 127.0.0.1 at Fri May 25 12:31:29 +0530 2012
  Processing by WelcomeController#example as PDF
***************WICKED***************
Rendered welcome/example.html.erb within layouts/pdf (7.5ms)
Rendered text template (0.1ms)
Sent data example_pdf.pdf (4.9ms)
Completed 200 OK in 3658ms (Views: 2.7ms | ActiveRecord: 0.0ms)


Started GET "/" for 127.0.0.1 at Fri May 25 22:40:25 +0530 2012
  Processing by WelcomeController#index as HTML
Rendered welcome/index.haml within layouts/application (952.7ms)
Completed 200 OK in 1007ms (Views: 1000.4ms | ActiveRecord: 0.0ms)


Started GET "/" for 127.0.0.1 at Fri May 25 22:40:27 +0530 2012
  Processing by WelcomeController#index as HTML
Rendered welcome/index.haml within layouts/application (13.4ms)
Completed 200 OK in 26ms (Views: 25.4ms | ActiveRecord: 0.0ms)


Started GET "/images/bkgd.jpg" for 127.0.0.1 at Fri May 25 22:40:28 +0530 2012

ActionController::RoutingError (No route matches "/images/bkgd.jpg"):
  

Rendered /Users/prakashmurthy/Developer/.rvm/gems/ruby-1.8.7-p358@wickedpdfsample/gems/actionpack-3.0.3/lib/action_dispatch/middleware/templates/rescues/routing_error.erb within rescues/layout (2.4ms)


Started GET "/example" for 127.0.0.1 at Fri May 25 22:40:35 +0530 2012
  Processing by WelcomeController#example as HTML
Rendered welcome/example.html.erb within layouts/application (69.5ms)
Completed 200 OK in 1257ms (Views: 1255.7ms | ActiveRecord: 0.0ms)


Started GET "/images/bkgd.jpg" for 127.0.0.1 at Fri May 25 22:40:36 +0530 2012

ActionController::RoutingError (No route matches "/images/bkgd.jpg"):
  

Rendered /Users/prakashmurthy/Developer/.rvm/gems/ruby-1.8.7-p358@wickedpdfsample/gems/actionpack-3.0.3/lib/action_dispatch/middleware/templates/rescues/routing_error.erb within rescues/layout (1.6ms)


Started GET "/regex.js" for 127.0.0.1 at Fri May 25 22:40:36 +0530 2012

ActionController::RoutingError (No route matches "/regex.js"):
  

Rendered /Users/prakashmurthy/Developer/.rvm/gems/ruby-1.8.7-p358@wickedpdfsample/gems/actionpack-3.0.3/lib/action_dispatch/middleware/templates/rescues/routing_error.erb within rescues/layout (1.5ms)


Started GET "/autoNumeric-1.7.4.js" for 127.0.0.1 at Fri May 25 22:40:37 +0530 2012

ActionController::RoutingError (No route matches "/autoNumeric-1.7.4.js"):
  

Rendered /Users/prakashmurthy/Developer/.rvm/gems/ruby-1.8.7-p358@wickedpdfsample/gems/actionpack-3.0.3/lib/action_dispatch/middleware/templates/rescues/routing_error.erb within rescues/layout (1.6ms)


Started GET "/calc-tools.js" for 127.0.0.1 at Fri May 25 22:40:37 +0530 2012

ActionController::RoutingError (No route matches "/calc-tools.js"):
  

Rendered /Users/prakashmurthy/Developer/.rvm/gems/ruby-1.8.7-p358@wickedpdfsample/gems/actionpack-3.0.3/lib/action_dispatch/middleware/templates/rescues/routing_error.erb within rescues/layout (1.5ms)


Started GET "/calc-styles.css" for 127.0.0.1 at Fri May 25 22:40:37 +0530 2012

ActionController::RoutingError (No route matches "/calc-styles.css"):
  

Rendered /Users/prakashmurthy/Developer/.rvm/gems/ruby-1.8.7-p358@wickedpdfsample/gems/actionpack-3.0.3/lib/action_dispatch/middleware/templates/rescues/routing_error.erb within rescues/layout (1.5ms)


Started GET "/stylesheets/images/bullet.gif" for 127.0.0.1 at Fri May 25 22:40:37 +0530 2012

ActionController::RoutingError (No route matches "/stylesheets/images/bullet.gif"):
  

Rendered /Users/prakashmurthy/Developer/.rvm/gems/ruby-1.8.7-p358@wickedpdfsample/gems/actionpack-3.0.3/lib/action_dispatch/middleware/templates/rescues/routing_error.erb within rescues/layout (1.6ms)


Started GET "/example.pdf" for 127.0.0.1 at Fri May 25 22:40:43 +0530 2012
  Processing by WelcomeController#example as PDF
***************WICKED***************
Rendered welcome/example.html.erb within layouts/pdf (8.6ms)
Rendered text template (0.1ms)
Sent data example_pdf.pdf (4.4ms)
Completed 200 OK in 13193ms (Views: 2.3ms | ActiveRecord: 0.0ms)


Started GET "/" for 127.0.0.1 at Sun May 27 16:08:58 +0530 2012
  Processing by WelcomeController#index as HTML
Rendered welcome/index.haml within layouts/application (13.4ms)
Completed 200 OK in 31ms (Views: 29.0ms | ActiveRecord: 0.0ms)


Started GET "/images/bkgd.jpg" for 127.0.0.1 at Sun May 27 16:09:00 +0530 2012

ActionController::RoutingError (No route matches "/images/bkgd.jpg"):
  

Rendered /Users/prakashmurthy/Developer/.rvm/gems/ruby-1.8.7-p358@wickedpdfsample/gems/actionpack-3.0.3/lib/action_dispatch/middleware/templates/rescues/routing_error.erb within rescues/layout (1.8ms)


Started GET "/example" for 127.0.0.1 at Sun May 27 16:09:13 +0530 2012
  Processing by WelcomeController#example as HTML
Rendered welcome/example.html.erb within layouts/application (10.7ms)
Completed 200 OK in 113ms (Views: 111.9ms | ActiveRecord: 0.0ms)


Started GET "/calc-tools.js" for 127.0.0.1 at Sun May 27 16:09:14 +0530 2012

ActionController::RoutingError (No route matches "/calc-tools.js"):
  

Rendered /Users/prakashmurthy/Developer/.rvm/gems/ruby-1.8.7-p358@wickedpdfsample/gems/actionpack-3.0.3/lib/action_dispatch/middleware/templates/rescues/routing_error.erb within rescues/layout (2.9ms)


Started GET "/autoNumeric-1.7.4.js" for 127.0.0.1 at Sun May 27 16:09:14 +0530 2012

ActionController::RoutingError (No route matches "/autoNumeric-1.7.4.js"):
  

Rendered /Users/prakashmurthy/Developer/.rvm/gems/ruby-1.8.7-p358@wickedpdfsample/gems/actionpack-3.0.3/lib/action_dispatch/middleware/templates/rescues/routing_error.erb within rescues/layout (4.3ms)


Started GET "/regex.js" for 127.0.0.1 at Sun May 27 16:09:14 +0530 2012

ActionController::RoutingError (No route matches "/regex.js"):
  

Rendered /Users/prakashmurthy/Developer/.rvm/gems/ruby-1.8.7-p358@wickedpdfsample/gems/actionpack-3.0.3/lib/action_dispatch/middleware/templates/rescues/routing_error.erb within rescues/layout (1.6ms)


Started GET "/calc-styles.css" for 127.0.0.1 at Sun May 27 16:09:14 +0530 2012

ActionController::RoutingError (No route matches "/calc-styles.css"):
  

Rendered /Users/prakashmurthy/Developer/.rvm/gems/ruby-1.8.7-p358@wickedpdfsample/gems/actionpack-3.0.3/lib/action_dispatch/middleware/templates/rescues/routing_error.erb within rescues/layout (2.0ms)


Started GET "/images/bkgd.jpg" for 127.0.0.1 at Sun May 27 16:09:14 +0530 2012

ActionController::RoutingError (No route matches "/images/bkgd.jpg"):
  

Rendered /Users/prakashmurthy/Developer/.rvm/gems/ruby-1.8.7-p358@wickedpdfsample/gems/actionpack-3.0.3/lib/action_dispatch/middleware/templates/rescues/routing_error.erb within rescues/layout (1.9ms)


Started GET "/stylesheets/images/bullet.gif" for 127.0.0.1 at Sun May 27 16:09:14 +0530 2012

ActionController::RoutingError (No route matches "/stylesheets/images/bullet.gif"):
  

Rendered /Users/prakashmurthy/Developer/.rvm/gems/ruby-1.8.7-p358@wickedpdfsample/gems/actionpack-3.0.3/lib/action_dispatch/middleware/templates/rescues/routing_error.erb within rescues/layout (1.6ms)


Started GET "/example.pdf" for 127.0.0.1 at Sun May 27 16:09:19 +0530 2012
  Processing by WelcomeController#example as PDF
***************WICKED***************
Rendered welcome/example.html.erb within layouts/pdf (7.8ms)
Rendered text template (0.1ms)
Sent data example_pdf.pdf (7.5ms)
Completed 200 OK in 9889ms (Views: 6.9ms | ActiveRecord: 0.0ms)


Started GET "/" for 127.0.0.1 at Sun May 27 16:34:47 +0530 2012
  Processing by WelcomeController#index as HTML
Rendered welcome/index.haml within layouts/application (17.8ms)
Completed 200 OK in 58ms (Views: 57.3ms | ActiveRecord: 0.0ms)


Started GET "/images/bkgd.jpg" for 127.0.0.1 at Sun May 27 16:34:47 +0530 2012

ActionController::RoutingError (No route matches "/images/bkgd.jpg"):
  

Rendered /Users/prakashmurthy/Developer/.rvm/gems/ruby-1.8.7-p358@wickedpdfsample/gems/actionpack-3.0.3/lib/action_dispatch/middleware/templates/rescues/routing_error.erb within rescues/layout (1.7ms)


Started GET "/" for 127.0.0.1 at Sun May 27 16:34:54 +0530 2012
  Processing by WelcomeController#index as HTML
Rendered welcome/index.haml within layouts/application (13.0ms)
Completed 200 OK in 26ms (Views: 24.8ms | ActiveRecord: 0.0ms)


Started GET "/images/bkgd.jpg" for 127.0.0.1 at Sun May 27 16:34:54 +0530 2012

ActionController::RoutingError (No route matches "/images/bkgd.jpg"):
  

Rendered /Users/prakashmurthy/Developer/.rvm/gems/ruby-1.8.7-p358@wickedpdfsample/gems/actionpack-3.0.3/lib/action_dispatch/middleware/templates/rescues/routing_error.erb within rescues/layout (1.5ms)


Started GET "/" for 127.0.0.1 at Sun May 27 16:35:42 +0530 2012
  Processing by WelcomeController#index as HTML
Rendered welcome/index.haml within layouts/application (12.2ms)
Completed 200 OK in 26ms (Views: 24.9ms | ActiveRecord: 0.0ms)


Started GET "/images/bkgd.jpg" for 127.0.0.1 at Sun May 27 16:35:44 +0530 2012

ActionController::RoutingError (No route matches "/images/bkgd.jpg"):
  

Rendered /Users/prakashmurthy/Developer/.rvm/gems/ruby-1.8.7-p358@wickedpdfsample/gems/actionpack-3.0.3/lib/action_dispatch/middleware/templates/rescues/routing_error.erb within rescues/layout (1.6ms)


Started GET "/" for 127.0.0.1 at Sun May 27 21:15:35 +0530 2012
  Processing by WelcomeController#index as HTML
Rendered welcome/index.haml within layouts/application (17.7ms)
Completed 200 OK in 33ms (Views: 31.7ms | ActiveRecord: 0.0ms)


Started GET "/images/bkgd.jpg" for 127.0.0.1 at Sun May 27 21:15:36 +0530 2012

ActionController::RoutingError (No route matches "/images/bkgd.jpg"):
  

Rendered /Users/prakashmurthy/Developer/.rvm/gems/ruby-1.8.7-p358@wickedpdfsample/gems/actionpack-3.0.3/lib/action_dispatch/middleware/templates/rescues/routing_error.erb within rescues/layout (2.2ms)


Started GET "/example" for 127.0.0.1 at Sun May 27 21:15:47 +0530 2012
  Processing by WelcomeController#example as HTML
Rendered welcome/example.html.erb within layouts/application (6.9ms)
Completed 200 OK in 21ms (Views: 19.4ms | ActiveRecord: 0.0ms)


Started GET "/calc-styles.css" for 127.0.0.1 at Sun May 27 21:15:47 +0530 2012

ActionController::RoutingError (No route matches "/calc-styles.css"):
  

Rendered /Users/prakashmurthy/Developer/.rvm/gems/ruby-1.8.7-p358@wickedpdfsample/gems/actionpack-3.0.3/lib/action_dispatch/middleware/templates/rescues/routing_error.erb within rescues/layout (1.6ms)


Started GET "/regex.js" for 127.0.0.1 at Sun May 27 21:15:47 +0530 2012

ActionController::RoutingError (No route matches "/regex.js"):
  

Rendered /Users/prakashmurthy/Developer/.rvm/gems/ruby-1.8.7-p358@wickedpdfsample/gems/actionpack-3.0.3/lib/action_dispatch/middleware/templates/rescues/routing_error.erb within rescues/layout (4.6ms)


Started GET "/calc-tools.js" for 127.0.0.1 at Sun May 27 21:15:47 +0530 2012

ActionController::RoutingError (No route matches "/calc-tools.js"):
  

Rendered /Users/prakashmurthy/Developer/.rvm/gems/ruby-1.8.7-p358@wickedpdfsample/gems/actionpack-3.0.3/lib/action_dispatch/middleware/templates/rescues/routing_error.erb within rescues/layout (2.3ms)


Started GET "/autoNumeric-1.7.4.js" for 127.0.0.1 at Sun May 27 21:15:47 +0530 2012

ActionController::RoutingError (No route matches "/autoNumeric-1.7.4.js"):
  

Rendered /Users/prakashmurthy/Developer/.rvm/gems/ruby-1.8.7-p358@wickedpdfsample/gems/actionpack-3.0.3/lib/action_dispatch/middleware/templates/rescues/routing_error.erb within rescues/layout (1.5ms)


Started GET "/images/bkgd.jpg" for 127.0.0.1 at Sun May 27 21:15:47 +0530 2012

ActionController::RoutingError (No route matches "/images/bkgd.jpg"):
  

Rendered /Users/prakashmurthy/Developer/.rvm/gems/ruby-1.8.7-p358@wickedpdfsample/gems/actionpack-3.0.3/lib/action_dispatch/middleware/templates/rescues/routing_error.erb within rescues/layout (1.7ms)


Started GET "/example" for 127.0.0.1 at Sun May 27 21:15:50 +0530 2012
  Processing by WelcomeController#example as HTML
Rendered welcome/example.html.erb within layouts/application (6.1ms)
Completed 200 OK in 18ms (Views: 17.1ms | ActiveRecord: 0.0ms)


Started GET "/calc-styles.css" for 127.0.0.1 at Sun May 27 21:15:50 +0530 2012

ActionController::RoutingError (No route matches "/calc-styles.css"):
  

Rendered /Users/prakashmurthy/Developer/.rvm/gems/ruby-1.8.7-p358@wickedpdfsample/gems/actionpack-3.0.3/lib/action_dispatch/middleware/templates/rescues/routing_error.erb within rescues/layout (1.7ms)


Started GET "/calc-tools.js" for 127.0.0.1 at Sun May 27 21:15:50 +0530 2012

ActionController::RoutingError (No route matches "/calc-tools.js"):
  

Rendered /Users/prakashmurthy/Developer/.rvm/gems/ruby-1.8.7-p358@wickedpdfsample/gems/actionpack-3.0.3/lib/action_dispatch/middleware/templates/rescues/routing_error.erb within rescues/layout (2.0ms)


Started GET "/autoNumeric-1.7.4.js" for 127.0.0.1 at Sun May 27 21:15:51 +0530 2012

ActionController::RoutingError (No route matches "/autoNumeric-1.7.4.js"):
  

Rendered /Users/prakashmurthy/Developer/.rvm/gems/ruby-1.8.7-p358@wickedpdfsample/gems/actionpack-3.0.3/lib/action_dispatch/middleware/templates/rescues/routing_error.erb within rescues/layout (4.8ms)


Started GET "/regex.js" for 127.0.0.1 at Sun May 27 21:15:51 +0530 2012

ActionController::RoutingError (No route matches "/regex.js"):
  

Rendered /Users/prakashmurthy/Developer/.rvm/gems/ruby-1.8.7-p358@wickedpdfsample/gems/actionpack-3.0.3/lib/action_dispatch/middleware/templates/rescues/routing_error.erb within rescues/layout (1.5ms)


Started GET "/images/bkgd.jpg" for 127.0.0.1 at Sun May 27 21:15:51 +0530 2012

ActionController::RoutingError (No route matches "/images/bkgd.jpg"):
  

Rendered /Users/prakashmurthy/Developer/.rvm/gems/ruby-1.8.7-p358@wickedpdfsample/gems/actionpack-3.0.3/lib/action_dispatch/middleware/templates/rescues/routing_error.erb within rescues/layout (1.7ms)


Started GET "/example.pdf" for 127.0.0.1 at Sun May 27 21:16:05 +0530 2012
  Processing by WelcomeController#example as PDF
***************WICKED***************
Rendered welcome/example.html.erb within layouts/pdf (7.4ms)
Rendered text template (0.1ms)
Sent data example_pdf.pdf (8.8ms)
Completed 200 OK in 11889ms (Views: 7.9ms | ActiveRecord: 0.0ms)


Started GET "/example" for 127.0.0.1 at Sun May 27 21:17:25 +0530 2012
  Processing by WelcomeController#example as HTML
Rendered welcome/example.html.erb within layouts/application (7.0ms)
Completed 200 OK in 19ms (Views: 18.3ms | ActiveRecord: 0.0ms)


Started GET "/stylesheets/public/images/bullet.gif" for 127.0.0.1 at Sun May 27 21:17:25 +0530 2012

ActionController::RoutingError (No route matches "/stylesheets/public/images/bullet.gif"):
  

Rendered /Users/prakashmurthy/Developer/.rvm/gems/ruby-1.8.7-p358@wickedpdfsample/gems/actionpack-3.0.3/lib/action_dispatch/middleware/templates/rescues/routing_error.erb within rescues/layout (1.7ms)


Started GET "/example.pdf" for 127.0.0.1 at Sun May 27 21:17:30 +0530 2012
  Processing by WelcomeController#example as PDF
***************WICKED***************
Rendered welcome/example.html.erb within layouts/pdf (7.9ms)
Rendered text template (0.1ms)
Sent data example_pdf.pdf (4.4ms)
Completed 200 OK in 3506ms (Views: 2.1ms | ActiveRecord: 0.0ms)


Started GET "/example.pdf" for 127.0.0.1 at Sun May 27 21:17:40 +0530 2012
  Processing by WelcomeController#example as PDF
***************WICKED***************
Rendered welcome/example.html.erb within layouts/pdf (13.0ms)
Rendered text template (0.1ms)
Sent data example_pdf.pdf (4.8ms)
Completed 200 OK in 3019ms (Views: 2.2ms | ActiveRecord: 0.0ms)


Started GET "/" for 127.0.0.1 at Sun May 27 21:19:15 +0530 2012
  Processing by WelcomeController#example as HTML
Rendered welcome/example.html.erb within layouts/application (6.2ms)
Completed 200 OK in 21ms (Views: 19.0ms | ActiveRecord: 0.0ms)


Started GET "/calc-tools.js" for 127.0.0.1 at Sun May 27 21:19:16 +0530 2012

ActionController::RoutingError (No route matches "/calc-tools.js"):
  

Rendered /Users/prakashmurthy/Developer/.rvm/gems/ruby-1.8.7-p358@wickedpdfsample/gems/actionpack-3.0.3/lib/action_dispatch/middleware/templates/rescues/routing_error.erb within rescues/layout (1.6ms)


Started GET "/calc-styles.css" for 127.0.0.1 at Sun May 27 21:19:16 +0530 2012

ActionController::RoutingError (No route matches "/calc-styles.css"):
  

Rendered /Users/prakashmurthy/Developer/.rvm/gems/ruby-1.8.7-p358@wickedpdfsample/gems/actionpack-3.0.3/lib/action_dispatch/middleware/templates/rescues/routing_error.erb within rescues/layout (1.7ms)


Started GET "/regex.js" for 127.0.0.1 at Sun May 27 21:19:16 +0530 2012

ActionController::RoutingError (No route matches "/regex.js"):
  

Rendered /Users/prakashmurthy/Developer/.rvm/gems/ruby-1.8.7-p358@wickedpdfsample/gems/actionpack-3.0.3/lib/action_dispatch/middleware/templates/rescues/routing_error.erb within rescues/layout (1.8ms)


Started GET "/autoNumeric-1.7.4.js" for 127.0.0.1 at Sun May 27 21:19:16 +0530 2012

ActionController::RoutingError (No route matches "/autoNumeric-1.7.4.js"):
  

Rendered /Users/prakashmurthy/Developer/.rvm/gems/ruby-1.8.7-p358@wickedpdfsample/gems/actionpack-3.0.3/lib/action_dispatch/middleware/templates/rescues/routing_error.erb within rescues/layout (1.6ms)


Started GET "/images/bkgd.jpg" for 127.0.0.1 at Sun May 27 21:19:16 +0530 2012

ActionController::RoutingError (No route matches "/images/bkgd.jpg"):
  

Rendered /Users/prakashmurthy/Developer/.rvm/gems/ruby-1.8.7-p358@wickedpdfsample/gems/actionpack-3.0.3/lib/action_dispatch/middleware/templates/rescues/routing_error.erb within rescues/layout (1.6ms)


Started GET "/stylesheets/public/images/bullet.gif" for 127.0.0.1 at Sun May 27 21:19:17 +0530 2012

ActionController::RoutingError (No route matches "/stylesheets/public/images/bullet.gif"):
  

Rendered /Users/prakashmurthy/Developer/.rvm/gems/ruby-1.8.7-p358@wickedpdfsample/gems/actionpack-3.0.3/lib/action_dispatch/middleware/templates/rescues/routing_error.erb within rescues/layout (1.8ms)


Started GET "/example.pdf" for 127.0.0.1 at Sun May 27 21:19:39 +0530 2012
  Processing by WelcomeController#example as PDF
***************WICKED***************
Rendered welcome/example.html.erb within layouts/pdf (7.4ms)
Rendered text template (0.1ms)
Sent data example_pdf.pdf (6.1ms)
Completed 200 OK in 3368ms (Views: 3.7ms | ActiveRecord: 0.0ms)


Started GET "/" for 127.0.0.1 at Sun May 27 21:20:41 +0530 2012
  Processing by WelcomeController#example as HTML
Rendered welcome/example.html.erb within layouts/application (10.5ms)
Completed 200 OK in 28ms (Views: 26.7ms | ActiveRecord: 0.0ms)
